<?xml version="1.0" encoding="UTF-8"?>
<testsuite xmlns:xsi="http://www.w3.org/2001/XMLSchema-instance" xsi:noNamespaceSchemaLocation="https://maven.apache.org/surefire/maven-surefire-plugin/xsd/surefire-test-report.xsd" name="TestSuite" time="15.752" tests="2" errors="0" skipped="0" failures="0">
  <properties>
[...]
</properties>
  <testcase name="buildTestSolver" classname="dev.djob.id.TestSolver" time="13.816"/>
  <testcase name="shouldAnswerWithTrue on shouldAnswerWithTrue(dev.djob.id.AppTest)" classname="dev.djob.id.AppTest" time="0.002"/>
</testsuite>